[23:29:51] [main/INFO]: Setting user: Player171
[23:29:53] [Client thread/INFO]: LWJGL Version: 2.9.1
[23:30:05] [Client thread/INFO]: Reloading ResourceManager: Default, FMLFileResourcePack:Forge Mod Loader, FMLFileResourcePack:Minecraft Forge, FMLFileResourcePack:The Elemelon Mod
[23:30:06] [Sound Library Loader/INFO]: Sound engine started
[23:30:08] [Client thread/INFO]: Created: 16x16 textures/blocks-atlas
[23:30:08] [Client thread/INFO]: Created: 16x16 textures/items-atlas
[23:30:08] [Client thread/INFO]: Reloading ResourceManager: Default, FMLFileResourcePack:Forge Mod Loader, FMLFileResourcePack:Minecraft Forge, FMLFileResourcePack:The Elemelon Mod
[23:30:09] [Client thread/INFO]: Created: 512x256 textures/blocks-atlas
[23:30:09] [Client thread/INFO]: Created: 512x256 textures/items-atlas
[23:30:10] [Sound Library Loader/INFO]: Sound engine started
[23:30:14] [Server thread/INFO]: Starting integrated minecraft server version 1.7.10
[23:30:14] [Server thread/INFO]: Generating keypair
[23:30:14] [Server thread/INFO]: Preparing start region for level 0
[23:30:15] [Server thread/INFO]: Preparing spawn area: 79%
[23:30:16] [Server thread/INFO]: Changing view distance to 12, from 10
[23:30:16] [Server thread/INFO]: Player171[local:E:5ae61462] logged in with entity id 299 at (242.35649823048576, 64.0, 247.50615343591198)
[23:30:16] [Server thread/INFO]: Player171 joined the game
[23:30:18] [Server thread/INFO]: Saving and pausing game...
[23:30:18] [Server thread/INFO]: Saving chunks for level 'New World'/Overworld
[23:30:18] [Server thread/INFO]: Saving chunks for level 'New World'/Nether
[23:30:18] [Server thread/INFO]: Saving chunks for level 'New World'/The End
[23:30:33] [Server thread/INFO]: Player171 has just earned the achievement [Taking Inventory]
[23:30:33] [Client thread/INFO]: [CHAT] Player171 has just earned the achievement [Taking Inventory]
[23:31:36] [Server thread/INFO]: Saving and pausing game...
[23:31:36] [Server thread/INFO]: Saving chunks for level 'New World'/Overworld
[23:31:36] [Server thread/INFO]: Saving chunks for level 'New World'/Nether
[23:31:36] [Server thread/INFO]: Saving chunks for level 'New World'/The End
[23:31:37] [Server thread/INFO]: Stopping server
[23:31:37] [Server thread/INFO]: Saving players
[23:31:37] [Server thread/INFO]: Saving worlds
[23:31:37] [Server thread/INFO]: Saving chunks for level 'New World'/Overworld
[23:31:37] [Server thread/INFO]: Saving chunks for level 'New World'/Nether
[23:31:37] [Server thread/INFO]: Saving chunks for level 'New World'/The End
[23:31:38] [Client thread/INFO]: Stopping!
